C:\USERS\PYRATIC\DOCUMENTS\VISUAL STUDIO 2012\PROJECTS\CONSOLEAPPLICATION3\CONSOLEAPPLICATION3\DEBUG\CALCMAIN.OBJ
C:\USERS\PYRATIC\DOCUMENTS\VISUAL STUDIO 2012\PROJECTS\CONSOLEAPPLICATION3\CONSOLEAPPLICATION3\DEBUG\CALCULATOR.OBJ
C:\USERS\PYRATIC\DOCUMENTS\VISUAL STUDIO 2012\PROJECTS\CONSOLEAPPLICATION3\CONSOLEAPPLICATION3\DEBUG\IOUTIL.OBJ
C:\USERS\PYRATIC\DOCUMENTS\VISUAL STUDIO 2012\PROJECTS\CONSOLEAPPLICATION3\CONSOLEAPPLICATION3\DEBUG\VC110.PDB
C:\USERS\PYRATIC\DOCUMENTS\VISUAL STUDIO 2012\PROJECTS\CONSOLEAPPLICATION3\DEBUG\CONSOLEAPPLICATION3.ILK
C:\USERS\PYRATIC\DOCUMENTS\VISUAL STUDIO 2012\PROJECTS\CONSOLEAPPLICATION3\DEBUG\CONSOLEAPPLICATION3.EXE
C:\USERS\PYRATIC\DOCUMENTS\VISUAL STUDIO 2012\PROJECTS\CONSOLEAPPLICATION3\DEBUG\CONSOLEAPPLICATION3.PDB
C:\Users\Pyratic\Documents\GitHub\SimpleCalculator\ConsoleApplication3\Debug\CalcMain.obj
C:\Users\Pyratic\Documents\GitHub\SimpleCalculator\ConsoleApplication3\Debug\Calculator.obj
C:\Users\Pyratic\Documents\GitHub\SimpleCalculator\ConsoleApplication3\Debug\ioutil.obj
C:\Users\Pyratic\Documents\GitHub\SimpleCalculator\ConsoleApplication3\Debug\cl.command.1.tlog
C:\Users\Pyratic\Documents\GitHub\SimpleCalculator\ConsoleApplication3\Debug\CL.read.1.tlog
C:\Users\Pyratic\Documents\GitHub\SimpleCalculator\ConsoleApplication3\Debug\CL.write.1.tlog
C:\Users\Pyratic\Documents\GitHub\SimpleCalculator\ConsoleApplication3\Debug\link-cvtres.read.1.tlog
C:\Users\Pyratic\Documents\GitHub\SimpleCalculator\ConsoleApplication3\Debug\link-cvtres.write.1.tlog
C:\Users\Pyratic\Documents\GitHub\SimpleCalculator\ConsoleApplication3\Debug\link-rc.read.1.tlog
C:\Users\Pyratic\Documents\GitHub\SimpleCalculator\ConsoleApplication3\Debug\link-rc.write.1.tlog
C:\Users\Pyratic\Documents\GitHub\SimpleCalculator\ConsoleApplication3\Debug\link.command.1.tlog
C:\Users\Pyratic\Documents\GitHub\SimpleCalculator\ConsoleApplication3\Debug\link.read.1.tlog
C:\Users\Pyratic\Documents\GitHub\SimpleCalculator\ConsoleApplication3\Debug\link.write.1.tlog
C:\Users\Pyratic\Documents\GitHub\SimpleCalculator\ConsoleApplication3\Debug\vc110.idb
C:\Users\Pyratic\Documents\GitHub\SimpleCalculator\ConsoleApplication3\Debug\vc110.pdb
C:\Users\Pyratic\Documents\GitHub\SimpleCalculator\Debug\ConsoleApplication3.pdb
C:\Users\Pyratic\Documents\GitHub\SimpleCalculator\Debug\ConsoleApplication3.exe
C:\Users\Pyratic\Documents\GitHub\SimpleCalculator\Debug\ConsoleApplication3.ilk
